<?xml version="1.0" encoding="UTF-8"?>
<testsuite name="storage.StorageTest" tests="2" skipped="0" failures="0" errors="0" timestamp="2019-10-03T11:18:49" hostname="Raiyan-PC" time="0.016">
  <properties/>
  <testcase name="testStore()" classname="storage.StorageTest" time="0.001"/>
  <testcase name="testLoad()" classname="storage.StorageTest" time="0.014"/>
  <system-out><![CDATA[file not found
]]></system-out>
  <system-err><![CDATA[]]></system-err>
</testsuite>
