<?xml version="1.0" encoding="UTF-8"?>
<testsuite name="command.ModCommandTest" tests="4" skipped="0" failures="0" errors="0" timestamp="2019-10-03T11:18:49" hostname="Raiyan-PC" time="0.017">
  <properties/>
  <testcase name="testDone()" classname="command.ModCommandTest" time="0.002"/>
  <testcase name="testDelete()" classname="command.ModCommandTest" time="0.007"/>
  <testcase name="testSelect()" classname="command.ModCommandTest" time="0.002"/>
  <testcase name="testSnooze()" classname="command.ModCommandTest" time="0.002"/>
  <system-out><![CDATA[]]></system-out>
  <system-err><![CDATA[]]></system-err>
</testsuite>
