<?xml version="1.0" encoding="UTF-8"?>
<testsuite name="command.SearchCommandTest" tests="2" skipped="0" failures="0" errors="0" timestamp="2019-10-03T11:18:49" hostname="Raiyan-PC" time="0.007">
  <properties/>
  <testcase name="testFind()" classname="command.SearchCommandTest" time="0.002"/>
  <testcase name="testSchedule()" classname="command.SearchCommandTest" time="0.002"/>
  <system-out><![CDATA[]]></system-out>
  <system-err><![CDATA[]]></system-err>
</testsuite>
