<?xml version="1.0" encoding="UTF-8"?>
<testsuite name="command.BadCommandTest" tests="1" skipped="0" failures="0" errors="0" timestamp="2019-10-03T11:18:49" hostname="Raiyan-PC" time="0.0">
  <properties/>
  <testcase name="testExecute()" classname="command.BadCommandTest" time="0.0"/>
  <system-out><![CDATA[]]></system-out>
  <system-err><![CDATA[]]></system-err>
</testsuite>
