<?xml version="1.0" encoding="UTF-8"?>
<testsuite name="command.AddCommandTest" tests="2" skipped="0" failures="0" errors="0" timestamp="2019-10-03T11:18:49" hostname="Raiyan-PC" time="0.066">
  <properties/>
  <testcase name="testExecute()" classname="command.AddCommandTest" time="0.044"/>
  <testcase name="testAddEvent()" classname="command.AddCommandTest" time="0.021"/>
  <system-out><![CDATA[]]></system-out>
  <system-err><![CDATA[]]></system-err>
</testsuite>
