<?xml version="1.0" encoding="UTF-8"?>
<testsuite name="task.DeadlineTest" tests="7" skipped="0" failures="0" errors="0" timestamp="2019-10-03T11:18:49" hostname="Raiyan-PC" time="0.015">
  <properties/>
  <testcase name="testExceptions()" classname="task.DeadlineTest" time="0.003"/>
  <testcase name="testGetDueDate()" classname="task.DeadlineTest" time="0.001"/>
  <testcase name="testGetType()" classname="task.DeadlineTest" time="0.001"/>
  <testcase name="testGetDescription()" classname="task.DeadlineTest" time="0.0"/>
  <testcase name="testSnooze()" classname="task.DeadlineTest" time="0.001"/>
  <testcase name="testToList()" classname="task.DeadlineTest" time="0.001"/>
  <testcase name="testGetStatusIcon()" classname="task.DeadlineTest" time="0.0"/>
  <system-out><![CDATA[]]></system-out>
  <system-err><![CDATA[]]></system-err>
</testsuite>
