<?xml version="1.0" encoding="UTF-8"?>
<testsuite name="ui.UITest" tests="7" skipped="0" failures="0" errors="0" timestamp="2019-10-03T11:18:49" hostname="Raiyan-PC" time="0.007">
  <properties/>
  <testcase name="testCloseFailure()" classname="ui.UITest" time="0.0"/>
  <testcase name="testShowError()" classname="ui.UITest" time="0.001"/>
  <testcase name="testShowLoadingError()" classname="ui.UITest" time="0.001"/>
  <testcase name="testShowLine()" classname="ui.UITest" time="0.001"/>
  <testcase name="testShowWelcome()" classname="ui.UITest" time="0.001"/>
  <testcase name="testHastaLaVista()" classname="ui.UITest" time="0.001"/>
  <testcase name="testCloseSuccess()" classname="ui.UITest" time="0.0"/>
  <system-out><![CDATA[]]></system-out>
  <system-err><![CDATA[]]></system-err>
</testsuite>
