<?xml version="1.0" encoding="UTF-8"?>
<testsuite name="parser.ParserTest" tests="7" skipped="0" failures="0" errors="0" timestamp="2019-10-03T11:18:49" hostname="Raiyan-PC" time="0.029">
  <properties/>
  <testcase name="testScheduleCommand()" classname="parser.ParserTest" time="0.004"/>
  <testcase name="testFindCommand()" classname="parser.ParserTest" time="0.004"/>
  <testcase name="testTaskInputFail()" classname="parser.ParserTest" time="0.006"/>
  <testcase name="testModCommand()" classname="parser.ParserTest" time="0.002"/>
  <testcase name="testSingleInput()" classname="parser.ParserTest" time="0.002"/>
  <testcase name="testAnotherModCommand()" classname="parser.ParserTest" time="0.002"/>
  <testcase name="testAddCommand()" classname="parser.ParserTest" time="0.003"/>
  <system-out><![CDATA[]]></system-out>
  <system-err><![CDATA[]]></system-err>
</testsuite>
